<?xml version="1.0" encoding="UTF-8"?>
<!-- Generated by org.testng.reporters.JUnitXMLReporter -->
<testsuite hostname="ojt29-PC" name="Command line test" tests="2" failures="2" timestamp="12 Feb 2020 08:29:58 GMT" time="1.971" errors="0">
  <testcase name="f" time="1.759" classname="Driverfactory.AppTest">
    <failure type="java.lang.NullPointerException">
      <![CDATA[java.lang.NullPointerException
	at Driverfactory.NewTest.f(NewTest.java:92)
	at Driverfactory.AppTest.f(AppTest.java:9)
... Removed 34 stack frames]]>
    </failure>
  </testcase> <!-- f -->
  <testcase name="f" time="0.187" classname="Driverfactory.NewTest">
    <failure type="java.lang.NullPointerException">
      <![CDATA[java.lang.NullPointerException
	at Driverfactory.NewTest.f(NewTest.java:92)
... Removed 34 stack frames]]>
    </failure>
  </testcase> <!-- f -->
</testsuite> <!-- Command line test -->
